<?xml version="1.0" encoding="UTF-8"?>
<!-- Generated by org.testng.reporters.JUnitXMLReporter -->
<testsuite ignored="0" hostname="Swapnil-PC" failures="0" tests="4" name="Test" time="41.581" errors="0" timestamp="2022-04-30T12:05:55 IST">
  <testcase classname="calculator.TestCases.Substraction" name="substraction" time="1.491"/>
  <testcase classname="calculator.TestCases.Addition" name="addition" time="0.919"/>
  <testcase classname="calculator.TestCases.Division" name="division" time="0.798"/>
  <testcase classname="calculator.TestCases.Multiplication" name="multiplication" time="0.585"/>
</testsuite> <!-- Test -->
